<?xml version="1.0" encoding="UTF-8"?>
<testng-results skipped="0" failed="0" ignored="0" total="2" passed="2">
  <reporter-output>
  </reporter-output>
  <suite name="Command line suite" duration-ms="24395" started-at="2017-09-11T17:00:27Z" finished-at="2017-09-11T17:00:51Z">
    <groups>
    </groups>
    <test name="Command line test" duration-ms="24395" started-at="2017-09-11T17:00:27Z" finished-at="2017-09-11T17:00:51Z">
      <class name="com.accenture.tests.RegisterUserTest">
        <test-method status="PASS" signature="beforeTest()[pri:0, instance:com.accenture.tests.RegisterUserTest@3f2a3a5]" name="beforeTest" is-config="true" duration-ms="8767" started-at="2017-09-11T12:00:27Z" finished-at="2017-09-11T12:00:36Z">
          <reporter-output>
          </reporter-output>
        </test-method> <!-- beforeTest -->
        <test-method status="PASS" signature="beforeTest()[pri:0, instance:com.accenture.tests.SendMessageTest@4cb2c100]" name="beforeTest" is-config="true" duration-ms="8076" started-at="2017-09-11T12:00:36Z" finished-at="2017-09-11T12:00:44Z">
          <reporter-output>
          </reporter-output>
        </test-method> <!-- beforeTest -->
        <test-method status="PASS" signature="registerUser()[pri:0, instance:com.accenture.tests.RegisterUserTest@3f2a3a5]" name="registerUser" duration-ms="4884" started-at="2017-09-11T12:00:44Z" finished-at="2017-09-11T12:00:49Z">
          <reporter-output>
          </reporter-output>
        </test-method> <!-- registerUser -->
        <test-method status="PASS" signature="afterTest()[pri:0, instance:com.accenture.tests.RegisterUserTest@3f2a3a5]" name="afterTest" is-config="true" duration-ms="1230" started-at="2017-09-11T12:00:50Z" finished-at="2017-09-11T12:00:51Z">
          <reporter-output>
          </reporter-output>
        </test-method> <!-- afterTest -->
      </class> <!-- com.accenture.tests.RegisterUserTest -->
      <class name="com.accenture.tests.SendMessageTest">
        <test-method status="PASS" signature="sendMessage()[pri:0, instance:com.accenture.tests.SendMessageTest@4cb2c100]" name="sendMessage" duration-ms="1418" started-at="2017-09-11T12:00:49Z" finished-at="2017-09-11T12:00:50Z">
          <reporter-output>
          </reporter-output>
        </test-method> <!-- sendMessage -->
      </class> <!-- com.accenture.tests.SendMessageTest -->
    </test> <!-- Command line test -->
  </suite> <!-- Command line suite -->
</testng-results>
